[     124ms] [LOG] [Fast Refresh] rebuilding @ http://localhost:3000/_next/static/chunks/node_modules_next_dist_1ybzpk2._.js:2477
[     273ms] [LOG] [Fast Refresh] done in 259ms @ http://localhost:3000/_next/static/chunks/node_modules_next_dist_1ybzpk2._.js:2477
[     352ms] [INFO] %cDownload the React DevTools for a better development experience: https://react.dev/link/react-devtools font-weight:bold @ http://localhost:3000/_next/static/chunks/node_modules_next_dist_1ybzpk2._.js:2477
[     377ms] [LOG] [HMR] connected @ http://localhost:3000/_next/static/chunks/node_modules_next_dist_1ybzpk2._.js:2477
[    1490ms] [ERROR] Access to fetch at 'http://localhost:8000/api/v1/aqi/heatmap?city=Delhi' from origin 'http://localhost:3000' has been blocked by CORS policy: No 'Access-Control-Allow-Origin' header is present on the requested resource. @ http://localhost:3000/:0
[    1491ms] [ERROR] Failed to load resource: net::ERR_FAILED @ http://localhost:8000/api/v1/aqi/heatmap?city=Delhi:0
[    2354ms] [WARNING] luma.gl: Binding weightsTexture not set: Not found in shader layout. @ http://localhost:3000/_next/static/chunks/node_modules_next_dist_1ybzpk2._.js:2477
[  300787ms] [ERROR] Access to fetch at 'http://localhost:8000/api/v1/aqi/heatmap?city=Delhi' from origin 'http://localhost:3000' has been blocked by CORS policy: No 'Access-Control-Allow-Origin' header is present on the requested resource. @ http://localhost:3000/:0
[  300787ms] [ERROR] Failed to load resource: net::ERR_FAILED @ http://localhost:8000/api/v1/aqi/heatmap?city=Delhi:0
[  600772ms] [ERROR] Access to fetch at 'http://localhost:8000/api/v1/aqi/heatmap?city=Delhi' from origin 'http://localhost:3000' has been blocked by CORS policy: No 'Access-Control-Allow-Origin' header is present on the requested resource. @ http://localhost:3000/:0
[  600773ms] [ERROR] Failed to load resource: net::ERR_FAILED @ http://localhost:8000/api/v1/aqi/heatmap?city=Delhi:0
[  900777ms] [ERROR] Access to fetch at 'http://localhost:8000/api/v1/aqi/heatmap?city=Delhi' from origin 'http://localhost:3000' has been blocked by CORS policy: No 'Access-Control-Allow-Origin' header is present on the requested resource. @ http://localhost:3000/:0
[  900777ms] [ERROR] Failed to load resource: net::ERR_FAILED @ http://localhost:8000/api/v1/aqi/heatmap?city=Delhi:0
[ 1200777ms] [ERROR] Access to fetch at 'http://localhost:8000/api/v1/aqi/heatmap?city=Delhi' from origin 'http://localhost:3000' has been blocked by CORS policy: No 'Access-Control-Allow-Origin' header is present on the requested resource. @ http://localhost:3000/:0
[ 1200777ms] [ERROR] Failed to load resource: net::ERR_FAILED @ http://localhost:8000/api/v1/aqi/heatmap?city=Delhi:0
[ 1500781ms] [ERROR] Access to fetch at 'http://localhost:8000/api/v1/aqi/heatmap?city=Delhi' from origin 'http://localhost:3000' has been blocked by CORS policy: No 'Access-Control-Allow-Origin' header is present on the requested resource. @ http://localhost:3000/:0
[ 1500782ms] [ERROR] Failed to load resource: net::ERR_FAILED @ http://localhost:8000/api/v1/aqi/heatmap?city=Delhi:0
[ 1800776ms] [ERROR] Access to fetch at 'http://localhost:8000/api/v1/aqi/heatmap?city=Delhi' from origin 'http://localhost:3000' has been blocked by CORS policy: No 'Access-Control-Allow-Origin' header is present on the requested resource. @ http://localhost:3000/:0
[ 1800776ms] [ERROR] Failed to load resource: net::ERR_FAILED @ http://localhost:8000/api/v1/aqi/heatmap?city=Delhi:0
[ 2100775ms] [ERROR] Access to fetch at 'http://localhost:8000/api/v1/aqi/heatmap?city=Delhi' from origin 'http://localhost:3000' has been blocked by CORS policy: No 'Access-Control-Allow-Origin' header is present on the requested resource. @ http://localhost:3000/:0
[ 2100775ms] [ERROR] Failed to load resource: net::ERR_FAILED @ http://localhost:8000/api/v1/aqi/heatmap?city=Delhi:0
[ 2400774ms] [ERROR] Access to fetch at 'http://localhost:8000/api/v1/aqi/heatmap?city=Delhi' from origin 'http://localhost:3000' has been blocked by CORS policy: No 'Access-Control-Allow-Origin' header is present on the requested resource. @ http://localhost:3000/:0
[ 2400774ms] [ERROR] Failed to load resource: net::ERR_FAILED @ http://localhost:8000/api/v1/aqi/heatmap?city=Delhi:0
[ 2700774ms] [ERROR] Access to fetch at 'http://localhost:8000/api/v1/aqi/heatmap?city=Delhi' from origin 'http://localhost:3000' has been blocked by CORS policy: No 'Access-Control-Allow-Origin' header is present on the requested resource. @ http://localhost:3000/:0
[ 2700774ms] [ERROR] Failed to load resource: net::ERR_FAILED @ http://localhost:8000/api/v1/aqi/heatmap?city=Delhi:0
[ 3000784ms] [ERROR] Access to fetch at 'http://localhost:8000/api/v1/aqi/heatmap?city=Delhi' from origin 'http://localhost:3000' has been blocked by CORS policy: No 'Access-Control-Allow-Origin' header is present on the requested resource. @ http://localhost:3000/:0
[ 3000784ms] [ERROR] Failed to load resource: net::ERR_FAILED @ http://localhost:8000/api/v1/aqi/heatmap?city=Delhi:0
[ 3298986ms] [LOG] [Fast Refresh] rebuilding @ http://localhost:3000/_next/static/chunks/node_modules_next_dist_1ybzpk2._.js:2477
[ 3299359ms] [LOG] [Fast Refresh] done in 474ms @ http://localhost:3000/_next/static/chunks/node_modules_next_dist_1ybzpk2._.js:2477
[ 3300775ms] [ERROR] Access to fetch at 'http://localhost:8000/api/v1/aqi/heatmap?city=Delhi' from origin 'http://localhost:3000' has been blocked by CORS policy: No 'Access-Control-Allow-Origin' header is present on the requested resource. @ http://localhost:3000/:0
[ 3300775ms] [ERROR] Failed to load resource: net::ERR_FAILED @ http://localhost:8000/api/v1/aqi/heatmap?city=Delhi:0
[ 3300862ms] [LOG] [Fast Refresh] rebuilding @ http://localhost:3000/_next/static/chunks/node_modules_next_dist_1ybzpk2._.js:2477
[ 3300863ms] [LOG] [Fast Refresh] done in 108ms @ http://localhost:3000/_next/static/chunks/node_modules_next_dist_1ybzpk2._.js:2477
[ 3317561ms] [LOG] [Fast Refresh] rebuilding @ http://localhost:3000/_next/static/chunks/node_modules_next_dist_1ybzpk2._.js:2477
[ 3317675ms] [LOG] [Fast Refresh] done in 215ms @ http://localhost:3000/_next/static/chunks/node_modules_next_dist_1ybzpk2._.js:2477
[ 3600810ms] [ERROR] Access to fetch at 'http://localhost:8000/api/v1/aqi/heatmap?city=Delhi' from origin 'http://localhost:3000' has been blocked by CORS policy: No 'Access-Control-Allow-Origin' header is present on the requested resource. @ http://localhost:3000/:0
[ 3600810ms] [ERROR] Failed to load resource: net::ERR_FAILED @ http://localhost:8000/api/v1/aqi/heatmap?city=Delhi:0
[ 3682297ms] [LOG] [Fast Refresh] rebuilding @ http://localhost:3000/_next/static/chunks/node_modules_next_dist_1ybzpk2._.js:2477
[ 3685147ms] [LOG] [Fast Refresh] done in 2947ms @ http://localhost:3000/_next/static/chunks/node_modules_next_dist_1ybzpk2._.js:2477
[ 3685278ms] [LOG] [Fast Refresh] rebuilding @ http://localhost:3000/_next/static/chunks/node_modules_next_dist_1ybzpk2._.js:2477
[ 3685422ms] [LOG] [Fast Refresh] done in 251ms @ http://localhost:3000/_next/static/chunks/node_modules_next_dist_1ybzpk2._.js:2477
[ 3685605ms] [LOG] [Fast Refresh] rebuilding @ http://localhost:3000/_next/static/chunks/node_modules_next_dist_1ybzpk2._.js:2477
[ 3686303ms] [LOG] [Fast Refresh] done in 813ms @ http://localhost:3000/_next/static/chunks/node_modules_next_dist_1ybzpk2._.js:2477
[ 3686644ms] [INFO] %cDownload the React DevTools for a better development experience: https://react.dev/link/react-devtools font-weight:bold @ http://localhost:3000/_next/static/chunks/node_modules_next_dist_1ybzpk2._.js:2477
[ 3686740ms] [LOG] [HMR] connected @ http://localhost:3000/_next/static/chunks/node_modules_next_dist_1ybzpk2._.js:2477
[ 3688500ms] [ERROR] Access to fetch at 'http://localhost:8000/api/v1/aqi/heatmap?city=Delhi' from origin 'http://localhost:3000' has been blocked by CORS policy: No 'Access-Control-Allow-Origin' header is present on the requested resource. @ http://localhost:3000/:0
[ 3688501ms] [ERROR] Failed to load resource: net::ERR_FAILED @ http://localhost:8000/api/v1/aqi/heatmap?city=Delhi:0
[ 3688966ms] [LOG] [Fast Refresh] rebuilding @ http://localhost:3000/_next/static/chunks/node_modules_next_dist_1ybzpk2._.js:2477
[ 3688975ms] [LOG] [Fast Refresh] done in 123ms @ http://localhost:3000/_next/static/chunks/node_modules_next_dist_1ybzpk2._.js:2477
[ 3689635ms] [WARNING] luma.gl: Binding weightsTexture not set: Not found in shader layout. @ http://localhost:3000/_next/static/chunks/node_modules_next_dist_1ybzpk2._.js:2477
[ 3729027ms] [LOG] [Fast Refresh] rebuilding @ http://localhost:3000/_next/static/chunks/node_modules_next_dist_1ybzpk2._.js:2477
[ 3729347ms] [LOG] [Fast Refresh] done in 391ms @ http://localhost:3000/_next/static/chunks/node_modules_next_dist_1ybzpk2._.js:2477
[ 3767519ms] [LOG] [Fast Refresh] rebuilding @ http://localhost:3000/_next/static/chunks/node_modules_next_dist_1ybzpk2._.js:2477
[ 3767905ms] [LOG] [Fast Refresh] done in 208ms @ http://localhost:3000/_next/static/chunks/node_modules_next_dist_1ybzpk2._.js:2477
[ 3768040ms] [LOG] [Fast Refresh] rebuilding @ http://localhost:3000/_next/static/chunks/node_modules_next_dist_1ybzpk2._.js:2477
[ 3768068ms] [LOG] [Fast Refresh] done in 137ms @ http://localhost:3000/_next/static/chunks/node_modules_next_dist_1ybzpk2._.js:2477
[ 3805281ms] [LOG] [Fast Refresh] rebuilding @ http://localhost:3000/_next/static/chunks/node_modules_next_dist_1ybzpk2._.js:2477
[ 3805672ms] [LOG] [Fast Refresh] done in 199ms @ http://localhost:3000/_next/static/chunks/node_modules_next_dist_1ybzpk2._.js:2477
[ 3807570ms] [ERROR] Access to fetch at 'http://localhost:8000/api/v1/aqi/heatmap?city=Delhi' from origin 'http://localhost:3000' has been blocked by CORS policy: No 'Access-Control-Allow-Origin' header is present on the requested resource. @ http://localhost:3000/:0
[ 3807572ms] [ERROR] Failed to load resource: net::ERR_FAILED @ http://localhost:8000/api/v1/aqi/heatmap?city=Delhi:0
[ 3827021ms] [LOG] [Fast Refresh] rebuilding @ http://localhost:3000/_next/static/chunks/node_modules_next_dist_1ybzpk2._.js:2477
[ 3827236ms] [LOG] [Fast Refresh] done in 265ms @ http://localhost:3000/_next/static/chunks/node_modules_next_dist_1ybzpk2._.js:2477
[ 3862638ms] [LOG] [Fast Refresh] rebuilding @ http://localhost:3000/_next/static/chunks/node_modules_next_dist_1ybzpk2._.js:2477
[ 3863036ms] [LOG] [Fast Refresh] done in 247ms @ http://localhost:3000/_next/static/chunks/node_modules_next_dist_1ybzpk2._.js:2477
[ 3863161ms] [LOG] [Fast Refresh] rebuilding @ http://localhost:3000/_next/static/chunks/node_modules_next_dist_1ybzpk2._.js:2477
[ 3863243ms] [LOG] [Fast Refresh] done in 188ms @ http://localhost:3000/_next/static/chunks/node_modules_next_dist_1ybzpk2._.js:2477
[ 3879453ms] [LOG] [Fast Refresh] rebuilding @ http://localhost:3000/_next/static/chunks/node_modules_next_dist_1ybzpk2._.js:2477
[ 3879811ms] [LOG] [Fast Refresh] done in 141ms @ http://localhost:3000/_next/static/chunks/node_modules_next_dist_1ybzpk2._.js:2477
[ 3892170ms] [LOG] [Fast Refresh] rebuilding @ http://localhost:3000/_next/static/chunks/node_modules_next_dist_1ybzpk2._.js:2477
[ 3892478ms] [LOG] [Fast Refresh] done in 172ms @ http://localhost:3000/_next/static/chunks/node_modules_next_dist_1ybzpk2._.js:2477
[ 3892589ms] [LOG] [Fast Refresh] rebuilding @ http://localhost:3000/_next/static/chunks/node_modules_next_dist_1ybzpk2._.js:2477
[ 3892663ms] [LOG] [Fast Refresh] done in 175ms @ http://localhost:3000/_next/static/chunks/node_modules_next_dist_1ybzpk2._.js:2477
